# JRE version: OpenJDK Runtime Environment (18.0.1.1+2) (build 18.0.1.1+2-6)
# Java VM: OpenJDK 64-Bit Server VM (18.0.1.1+2-6, mixed mode, emulated-client, sharing, tiered, compressed oops, compressed class ptrs, g1 gc, windows-amd64)
GC Precious Log:
 CardTable entry size: 512
 Card Set container configuration: InlinePtr #cards 4 size 8 Array Of Cards #cards 32 size 80 Howl #buckets 8 coarsen threshold 7372 Howl Bitmap #cards 1024 size 144 coarsen threshold 921 Card regions per heap region 1 cards per card region 8192
 CPUs: 8 total, 8 available
 Memory: 32448M
 Large Page Support: Disabled
 NUMA Support: Disabled
 Compressed Oops: Enabled (Zero based)
 Heap Region Size: 4M
 Heap Min Capacity: 8M
 Heap Initial Capacity: 508M
 Heap Max Capacity: 8116M
 Pre-touch: Disabled
 Parallel Workers: 8
 Concurrent Workers: 2
 Concurrent Refinement Workers: 8
 Periodic GC: Disabled
Heap:
 garbage-first heap   total 270336K, used 200502K [0x0000000604c00000, 0x0000000800000000)
  region size 4096K, 29 young (118784K), 1 survivors (4096K)
 Metaspace       used 80904K, committed 82688K, reserved 1179648K
  class space    used 10953K, committed 11840K, reserved 1048576K
GC Heap History (20 events):
Event: 4.079 GC heap before
{Heap before GC invocations=5 (full 0):
 garbage-first heap   total 520192K, used 171033K [0x0000000604c00000, 0x0000000800000000)
  region size 4096K, 34 young (139264K), 1 survivors (4096K)
 Metaspace       used 20208K, committed 21504K, reserved 1114112K
  class space    used 2912K, committed 3584K, reserved 1048576K
}
Event: 4.091 GC heap after
{Heap after GC invocations=6 (full 0):
 garbage-first heap   total 626688K, used 46339K [0x0000000604c00000, 0x0000000800000000)
  region size 4096K, 3 young (12288K), 3 survivors (12288K)
 Metaspace       used 20208K, committed 21504K, reserved 1114112K
  class space    used 2912K, committed 3584K, reserved 1048576K
}
Event: 5.197 GC heap before
{Heap before GC invocations=7 (full 0):
 garbage-first heap   total 204800K, used 197891K [0x0000000604c00000, 0x0000000800000000)
  region size 4096K, 41 young (167936K), 3 survivors (12288K)
 Metaspace       used 22363K, committed 23616K, reserved 1114112K
  class space    used 3203K, committed 3840K, reserved 1048576K
}
Event: 5.218 GC heap after
{Heap after GC invocations=8 (full 0):
 garbage-first heap   total 225280K, used 56073K [0x0000000604c00000, 0x0000000800000000)
  region size 4096K, 5 young (20480K), 5 survivors (20480K)
 Metaspace       used 22363K, committed 23616K, reserved 1114112K
  class space    used 3203K, committed 3840K, reserved 1048576K
}
Event: 6.054 GC heap before
{Heap before GC invocations=8 (full 0):
 garbage-first heap   total 225280K, used 166665K [0x0000000604c00000, 0x0000000800000000)
  region size 4096K, 32 young (131072K), 5 survivors (20480K)
 Metaspace       used 24551K, committed 26176K, reserved 1114112K
  class space    used 3559K, committed 4416K, reserved 1048576K
}
Event: 6.077 GC heap after
{Heap after GC invocations=9 (full 0):
 garbage-first heap   total 225280K, used 58298K [0x0000000604c00000, 0x0000000800000000)
  region size 4096K, 2 young (8192K), 2 survivors (8192K)
 Metaspace       used 24551K, committed 26176K, reserved 1114112K
  class space    used 3559K, committed 4416K, reserved 1048576K
}
Event: 6.730 GC heap before
{Heap before GC invocations=9 (full 0):
 garbage-first heap   total 225280K, used 160698K [0x0000000604c00000, 0x0000000800000000)
  region size 4096K, 28 young (114688K), 2 survivors (8192K)
 Metaspace       used 32298K, committed 34112K, reserved 1114112K
  class space    used 4591K, committed 5568K, reserved 1048576K
}
Event: 6.741 GC heap after
{Heap after GC invocations=10 (full 0):
 garbage-first heap   total 225280K, used 62318K [0x0000000604c00000, 0x0000000800000000)
  region size 4096K, 3 young (12288K), 3 survivors (12288K)
 Metaspace       used 32298K, committed 34112K, reserved 1114112K
  class space    used 4591K, committed 5568K, reserved 1048576K
}
Event: 7.168 GC heap before
{Heap before GC invocations=10 (full 0):
 garbage-first heap   total 225280K, used 156526K [0x0000000604c00000, 0x0000000800000000)
  region size 4096K, 27 young (110592K), 3 survivors (12288K)
 Metaspace       used 34659K, committed 36480K, reserved 1114112K
  class space    used 5031K, committed 6016K, reserved 1048576K
}
Event: 7.190 GC heap after
{Heap after GC invocations=11 (full 0):
 garbage-first heap   total 225280K, used 75630K [0x0000000604c00000, 0x0000000800000000)
  region size 4096K, 4 young (16384K), 4 survivors (16384K)
 Metaspace       used 34659K, committed 36480K, reserved 1114112K
  class space    used 5031K, committed 6016K, reserved 1048576K
}
Event: 7.793 GC heap before
{Heap before GC invocations=12 (full 0):
 garbage-first heap   total 225280K, used 165742K [0x0000000604c00000, 0x0000000800000000)
  region size 4096K, 27 young (110592K), 4 survivors (16384K)
 Metaspace       used 34703K, committed 36736K, reserved 1114112K
  class space    used 4973K, committed 6080K, reserved 1048576K
}
Event: 7.809 GC heap after
{Heap after GC invocations=13 (full 0):
 garbage-first heap   total 225280K, used 81708K [0x0000000604c00000, 0x0000000800000000)
  region size 4096K, 3 young (12288K), 3 survivors (12288K)
 Metaspace       used 34703K, committed 36736K, reserved 1114112K
  class space    used 4973K, committed 6080K, reserved 1048576K
}
Event: 8.861 GC heap before
{Heap before GC invocations=13 (full 0):
 garbage-first heap   total 225280K, used 163628K [0x0000000604c00000, 0x0000000800000000)
  region size 4096K, 24 young (98304K), 3 survivors (12288K)
 Metaspace       used 40230K, committed 41792K, reserved 1114112K
  class space    used 5741K, committed 6592K, reserved 1048576K
}
Event: 8.874 GC heap after
{Heap after GC invocations=14 (full 0):
 garbage-first heap   total 270336K, used 92776K [0x0000000604c00000, 0x0000000800000000)
  region size 4096K, 3 young (12288K), 3 survivors (12288K)
 Metaspace       used 40230K, committed 41792K, reserved 1114112K
  class space    used 5741K, committed 6592K, reserved 1048576K
}
Event: 18.895 GC heap before
{Heap before GC invocations=14 (full 0):
 garbage-first heap   total 270336K, used 199272K [0x0000000604c00000, 0x0000000800000000)
  region size 4096K, 31 young (126976K), 3 survivors (12288K)
 Metaspace       used 59580K, committed 61120K, reserved 1114112K
  class space    used 8207K, committed 9024K, reserved 1048576K
}
Event: 18.907 GC heap after
{Heap after GC invocations=15 (full 0):
 garbage-first heap   total 270336K, used 100003K [0x0000000604c00000, 0x0000000800000000)
  region size 4096K, 2 young (8192K), 2 survivors (8192K)
 Metaspace       used 59580K, committed 61120K, reserved 1114112K
  class space    used 8207K, committed 9024K, reserved 1048576K
}
Event: 22.464 GC heap before
{Heap before GC invocations=16 (full 0):
 garbage-first heap   total 270336K, used 202403K [0x0000000604c00000, 0x0000000800000000)
  region size 4096K, 28 young (114688K), 2 survivors (8192K)
 Metaspace       used 68898K, committed 70528K, reserved 1114112K
  class space    used 9482K, committed 10304K, reserved 1048576K
}
Event: 22.474 GC heap after
{Heap after GC invocations=17 (full 0):
 garbage-first heap   total 270336K, used 102877K [0x0000000604c00000, 0x0000000800000000)
  region size 4096K, 3 young (12288K), 3 survivors (12288K)
 Metaspace       used 68898K, committed 70528K, reserved 1114112K
  class space    used 9482K, committed 10304K, reserved 1048576K
}
Event: 22.624 GC heap before
{Heap before GC invocations=17 (full 0):
 garbage-first heap   total 270336K, used 106973K [0x0000000604c00000, 0x0000000800000000)
  region size 4096K, 4 young (16384K), 3 survivors (12288K)
 Metaspace       used 68898K, committed 70528K, reserved 1114112K
  class space    used 9482K, committed 10304K, reserved 1048576K
}
Event: 22.633 GC heap after
{Heap after GC invocations=18 (full 0):
 garbage-first heap   total 270336K, used 94006K [0x0000000604c00000, 0x0000000800000000)
  region size 4096K, 1 young (4096K), 1 survivors (4096K)
 Metaspace       used 68898K, committed 70528K, reserved 1114112K
  class space    used 9482K, committed 10304K, reserved 1048576K
}

