# JRE version: OpenJDK Runtime Environment (13.0.2+8) (build 13.0.2+8)
# Java VM: OpenJDK 64-Bit Server VM (13.0.2+8, mixed mode, sharing, tiered, compressed oops, g1 gc, windows-amd64)
Heap:
 garbage-first heap   total 92160K, used 38147K [0x0000000709600000, 0x0000000800000000)
  region size 1024K, 6 young (6144K), 3 survivors (3072K)
 Metaspace       used 73414K, capacity 75688K, committed 75804K, reserved 1116160K
  class space    used 9016K, capacity 9896K, committed 9932K, reserved 1048576K
GC Heap History (20 events):
Event: 25.096 GC heap before
{Heap before GC invocations=32 (full 0):
 garbage-first heap   total 92160K, used 58551K [0x0000000709600000, 0x0000000800000000)
  region size 1024K, 30 young (30720K), 4 survivors (4096K)
 Metaspace       used 60431K, capacity 62342K, committed 62620K, reserved 1103872K
  class space    used 7731K, capacity 8477K, committed 8524K, reserved 1048576K
}
Event: 25.106 GC heap after
{Heap after GC invocations=33 (full 0):
 garbage-first heap   total 92160K, used 32491K [0x0000000709600000, 0x0000000800000000)
  region size 1024K, 3 young (3072K), 3 survivors (3072K)
 Metaspace       used 60431K, capacity 62342K, committed 62620K, reserved 1103872K
  class space    used 7731K, capacity 8477K, committed 8524K, reserved 1048576K
}
Event: 26.068 GC heap before
{Heap before GC invocations=33 (full 0):
 garbage-first heap   total 92160K, used 61163K [0x0000000709600000, 0x0000000800000000)
  region size 1024K, 31 young (31744K), 3 survivors (3072K)
 Metaspace       used 62062K, capacity 64014K, committed 64156K, reserved 1105920K
  class space    used 7895K, capacity 8645K, committed 8780K, reserved 1048576K
}
Event: 26.077 GC heap after
{Heap after GC invocations=34 (full 0):
 garbage-first heap   total 92160K, used 33285K [0x0000000709600000, 0x0000000800000000)
  region size 1024K, 2 young (2048K), 2 survivors (2048K)
 Metaspace       used 62062K, capacity 64014K, committed 64156K, reserved 1105920K
  class space    used 7895K, capacity 8645K, committed 8780K, reserved 1048576K
}
Event: 26.543 GC heap before
{Heap before GC invocations=34 (full 0):
 garbage-first heap   total 92160K, used 62981K [0x0000000709600000, 0x0000000800000000)
  region size 1024K, 32 young (32768K), 2 survivors (2048K)
 Metaspace       used 63871K, capacity 65843K, committed 66076K, reserved 1105920K
  class space    used 8036K, capacity 8811K, committed 8908K, reserved 1048576K
}
Event: 26.548 GC heap after
{Heap after GC invocations=35 (full 0):
 garbage-first heap   total 92160K, used 33783K [0x0000000709600000, 0x0000000800000000)
  region size 1024K, 3 young (3072K), 3 survivors (3072K)
 Metaspace       used 63871K, capacity 65843K, committed 66076K, reserved 1105920K
  class space    used 8036K, capacity 8811K, committed 8908K, reserved 1048576K
}
Event: 27.011 GC heap before
{Heap before GC invocations=35 (full 0):
 garbage-first heap   total 92160K, used 65527K [0x0000000709600000, 0x0000000800000000)
  region size 1024K, 34 young (34816K), 3 survivors (3072K)
 Metaspace       used 65707K, capacity 67699K, committed 67996K, reserved 1107968K
  class space    used 8156K, capacity 8939K, committed 9036K, reserved 1048576K
}
Event: 27.016 GC heap after
{Heap after GC invocations=36 (full 0):
 garbage-first heap   total 92160K, used 34010K [0x0000000709600000, 0x0000000800000000)
  region size 1024K, 3 young (3072K), 3 survivors (3072K)
 Metaspace       used 65707K, capacity 67699K, committed 67996K, reserved 1107968K
  class space    used 8156K, capacity 8939K, committed 9036K, reserved 1048576K
}
Event: 27.545 GC heap before
{Heap before GC invocations=36 (full 0):
 garbage-first heap   total 92160K, used 65754K [0x0000000709600000, 0x0000000800000000)
  region size 1024K, 35 young (35840K), 3 survivors (3072K)
 Metaspace       used 67290K, capacity 69307K, committed 69404K, reserved 1110016K
  class space    used 8341K, capacity 9135K, committed 9164K, reserved 1048576K
}
Event: 27.552 GC heap after
{Heap after GC invocations=37 (full 0):
 garbage-first heap   total 92160K, used 34283K [0x0000000709600000, 0x0000000800000000)
  region size 1024K, 3 young (3072K), 3 survivors (3072K)
 Metaspace       used 67290K, capacity 69307K, committed 69404K, reserved 1110016K
  class space    used 8341K, capacity 9135K, committed 9164K, reserved 1048576K
}
Event: 74.293 GC heap before
{Heap before GC invocations=37 (full 0):
 garbage-first heap   total 92160K, used 69099K [0x0000000709600000, 0x0000000800000000)
  region size 1024K, 37 young (37888K), 3 survivors (3072K)
 Metaspace       used 69181K, capacity 71387K, committed 71580K, reserved 1112064K
  class space    used 8626K, capacity 9485K, committed 9548K, reserved 1048576K
}
Event: 74.299 GC heap after
{Heap after GC invocations=38 (full 0):
 garbage-first heap   total 92160K, used 34946K [0x0000000709600000, 0x0000000800000000)
  region size 1024K, 4 young (4096K), 4 survivors (4096K)
 Metaspace       used 69181K, capacity 71387K, committed 71580K, reserved 1112064K
  class space    used 8626K, capacity 9485K, committed 9548K, reserved 1048576K
}
Event: 77.585 GC heap before
{Heap before GC invocations=38 (full 0):
 garbage-first heap   total 92160K, used 68738K [0x0000000709600000, 0x0000000800000000)
  region size 1024K, 38 young (38912K), 4 survivors (4096K)
 Metaspace       used 71193K, capacity 73456K, committed 73628K, reserved 1114112K
  class space    used 8847K, capacity 9721K, committed 9804K, reserved 1048576K
}
Event: 77.592 GC heap after
{Heap after GC invocations=39 (full 0):
 garbage-first heap   total 92160K, used 35755K [0x0000000709600000, 0x0000000800000000)
  region size 1024K, 4 young (4096K), 4 survivors (4096K)
 Metaspace       used 71193K, capacity 73456K, committed 73628K, reserved 1114112K
  class space    used 8847K, capacity 9721K, committed 9804K, reserved 1048576K
}
Event: 89.783 GC heap before
{Heap before GC invocations=39 (full 0):
 garbage-first heap   total 92160K, used 70571K [0x0000000709600000, 0x0000000800000000)
  region size 1024K, 39 young (39936K), 4 survivors (4096K)
 Metaspace       used 72877K, capacity 75191K, committed 75292K, reserved 1114112K
  class space    used 8999K, capacity 9886K, committed 9932K, reserved 1048576K
}
Event: 89.793 GC heap after
{Heap after GC invocations=40 (full 0):
 garbage-first heap   total 92160K, used 36190K [0x0000000709600000, 0x0000000800000000)
  region size 1024K, 3 young (3072K), 3 survivors (3072K)
 Metaspace       used 72877K, capacity 75191K, committed 75292K, reserved 1114112K
  class space    used 8999K, capacity 9886K, committed 9932K, reserved 1048576K
}
Event: 325.455 GC heap before
{Heap before GC invocations=40 (full 0):
 garbage-first heap   total 92160K, used 73054K [0x0000000709600000, 0x0000000800000000)
  region size 1024K, 39 young (39936K), 3 survivors (3072K)
 Metaspace       used 73266K, capacity 75548K, committed 75804K, reserved 1116160K
  class space    used 9014K, capacity 9895K, committed 9932K, reserved 1048576K
}
Event: 325.470 GC heap after
{Heap after GC invocations=41 (full 0):
 garbage-first heap   total 92160K, used 36304K [0x0000000709600000, 0x0000000800000000)
  region size 1024K, 3 young (3072K), 3 survivors (3072K)
 Metaspace       used 73266K, capacity 75548K, committed 75804K, reserved 1116160K
  class space    used 9014K, capacity 9895K, committed 9932K, reserved 1048576K
}
Event: 613.262 GC heap before
{Heap before GC invocations=41 (full 0):
 garbage-first heap   total 92160K, used 73168K [0x0000000709600000, 0x0000000800000000)
  region size 1024K, 39 young (39936K), 3 survivors (3072K)
 Metaspace       used 73404K, capacity 75687K, committed 75804K, reserved 1116160K
  class space    used 9016K, capacity 9896K, committed 9932K, reserved 1048576K
}
Event: 613.270 GC heap after
{Heap after GC invocations=42 (full 0):
 garbage-first heap   total 92160K, used 36099K [0x0000000709600000, 0x0000000800000000)
  region size 1024K, 3 young (3072K), 3 survivors (3072K)
 Metaspace       used 73404K, capacity 75687K, committed 75804K, reserved 1116160K
  class space    used 9016K, capacity 9896K, committed 9932K, reserved 1048576K
}

