# JRE version: OpenJDK Runtime Environment Temurin-17.0.2+8 (17.0.2+8) (build 17.0.2+8)
# Java VM: OpenJDK 64-Bit Server VM Temurin-17.0.2+8 (17.0.2+8, mixed mode, tiered, compressed oops, compressed class ptrs, g1 gc, windows-amd64)
GC Precious Log:
 CPUs: 4 total, 4 available
 Memory: 15779M
 Large Page Support: Disabled
 NUMA Support: Disabled
 Compressed Oops: Enabled (Zero based)
 Heap Region Size: 2M
 Heap Min Capacity: 8M
 Heap Initial Capacity: 248M
 Heap Max Capacity: 3946M
 Pre-touch: Disabled
 Parallel Workers: 4
 Concurrent Workers: 1
 Concurrent Refinement Workers: 4
 Periodic GC: Disabled
Heap:
 garbage-first heap   total 112640K, used 68452K [0x0000000709600000, 0x0000000800000000)
  region size 2048K, 16 young (32768K), 1 survivors (2048K)
 Metaspace       used 80612K, committed 81216K, reserved 1122304K
  class space    used 9530K, committed 9856K, reserved 1048576K
GC Heap History (20 events):
Event: 196.216 GC heap before
{Heap before GC invocations=45 (full 0):
 garbage-first heap   total 81920K, used 69723K [0x0000000709600000, 0x0000000800000000)
  region size 2048K, 16 young (32768K), 1 survivors (2048K)
 Metaspace       used 80428K, committed 81024K, reserved 1122304K
  class space    used 9508K, committed 9792K, reserved 1048576K
}
Event: 196.223 GC heap after
{Heap after GC invocations=46 (full 0):
 garbage-first heap   total 81920K, used 39718K [0x0000000709600000, 0x0000000800000000)
  region size 2048K, 2 young (4096K), 2 survivors (4096K)
 Metaspace       used 80428K, committed 81024K, reserved 1122304K
  class space    used 9508K, committed 9792K, reserved 1048576K
}
Event: 196.368 GC heap before
{Heap before GC invocations=46 (full 0):
 garbage-first heap   total 81920K, used 66342K [0x0000000709600000, 0x0000000800000000)
  region size 2048K, 15 young (30720K), 2 survivors (4096K)
 Metaspace       used 80428K, committed 81024K, reserved 1122304K
  class space    used 9508K, committed 9792K, reserved 1048576K
}
Event: 196.373 GC heap after
{Heap after GC invocations=47 (full 0):
 garbage-first heap   total 81920K, used 39707K [0x0000000709600000, 0x0000000800000000)
  region size 2048K, 1 young (2048K), 1 survivors (2048K)
 Metaspace       used 80428K, committed 81024K, reserved 1122304K
  class space    used 9508K, committed 9792K, reserved 1048576K
}
Event: 199.143 GC heap before
{Heap before GC invocations=48 (full 0):
 garbage-first heap   total 112640K, used 68379K [0x0000000709600000, 0x0000000800000000)
  region size 2048K, 15 young (30720K), 1 survivors (2048K)
 Metaspace       used 80431K, committed 81024K, reserved 1122304K
  class space    used 9508K, committed 9792K, reserved 1048576K
}
Event: 199.148 GC heap after
{Heap after GC invocations=49 (full 0):
 garbage-first heap   total 112640K, used 39750K [0x0000000709600000, 0x0000000800000000)
  region size 2048K, 1 young (2048K), 1 survivors (2048K)
 Metaspace       used 80431K, committed 81024K, reserved 1122304K
  class space    used 9508K, committed 9792K, reserved 1048576K
}
Event: 253.242 GC heap before
{Heap before GC invocations=49 (full 0):
 garbage-first heap   total 112640K, used 95046K [0x0000000709600000, 0x0000000800000000)
  region size 2048K, 28 young (57344K), 1 survivors (2048K)
 Metaspace       used 80524K, committed 81152K, reserved 1122304K
  class space    used 9523K, committed 9856K, reserved 1048576K
}
Event: 253.247 GC heap after
{Heap after GC invocations=50 (full 0):
 garbage-first heap   total 112640K, used 39930K [0x0000000709600000, 0x0000000800000000)
  region size 2048K, 1 young (2048K), 1 survivors (2048K)
 Metaspace       used 80524K, committed 81152K, reserved 1122304K
  class space    used 9523K, committed 9856K, reserved 1048576K
}
Event: 310.525 GC heap before
{Heap before GC invocations=50 (full 0):
 garbage-first heap   total 112640K, used 97274K [0x0000000709600000, 0x0000000800000000)
  region size 2048K, 29 young (59392K), 1 survivors (2048K)
 Metaspace       used 80543K, committed 81152K, reserved 1122304K
  class space    used 9524K, committed 9856K, reserved 1048576K
}
Event: 310.540 GC heap after
{Heap after GC invocations=51 (full 0):
 garbage-first heap   total 112640K, used 39773K [0x0000000709600000, 0x0000000800000000)
  region size 2048K, 1 young (2048K), 1 survivors (2048K)
 Metaspace       used 80543K, committed 81152K, reserved 1122304K
  class space    used 9524K, committed 9856K, reserved 1048576K
}
Event: 380.028 GC heap before
{Heap before GC invocations=51 (full 0):
 garbage-first heap   total 112640K, used 97117K [0x0000000709600000, 0x0000000800000000)
  region size 2048K, 29 young (59392K), 1 survivors (2048K)
 Metaspace       used 80550K, committed 81152K, reserved 1122304K
  class space    used 9524K, committed 9856K, reserved 1048576K
}
Event: 380.034 GC heap after
{Heap after GC invocations=52 (full 0):
 garbage-first heap   total 112640K, used 39833K [0x0000000709600000, 0x0000000800000000)
  region size 2048K, 1 young (2048K), 1 survivors (2048K)
 Metaspace       used 80550K, committed 81152K, reserved 1122304K
  class space    used 9524K, committed 9856K, reserved 1048576K
}
Event: 453.721 GC heap before
{Heap before GC invocations=52 (full 0):
 garbage-first heap   total 112640K, used 97177K [0x0000000709600000, 0x0000000800000000)
  region size 2048K, 29 young (59392K), 1 survivors (2048K)
 Metaspace       used 80551K, committed 81152K, reserved 1122304K
  class space    used 9524K, committed 9856K, reserved 1048576K
}
Event: 453.725 GC heap after
{Heap after GC invocations=53 (full 0):
 garbage-first heap   total 112640K, used 39847K [0x0000000709600000, 0x0000000800000000)
  region size 2048K, 1 young (2048K), 1 survivors (2048K)
 Metaspace       used 80551K, committed 81152K, reserved 1122304K
  class space    used 9524K, committed 9856K, reserved 1048576K
}
Event: 529.212 GC heap before
{Heap before GC invocations=53 (full 0):
 garbage-first heap   total 112640K, used 97191K [0x0000000709600000, 0x0000000800000000)
  region size 2048K, 29 young (59392K), 1 survivors (2048K)
 Metaspace       used 80551K, committed 81152K, reserved 1122304K
  class space    used 9524K, committed 9856K, reserved 1048576K
}
Event: 529.216 GC heap after
{Heap after GC invocations=54 (full 0):
 garbage-first heap   total 112640K, used 39926K [0x0000000709600000, 0x0000000800000000)
  region size 2048K, 1 young (2048K), 1 survivors (2048K)
 Metaspace       used 80551K, committed 81152K, reserved 1122304K
  class space    used 9524K, committed 9856K, reserved 1048576K
}
Event: 559.939 GC heap before
{Heap before GC invocations=54 (full 0):
 garbage-first heap   total 112640K, used 97270K [0x0000000709600000, 0x0000000800000000)
  region size 2048K, 29 young (59392K), 1 survivors (2048K)
 Metaspace       used 80554K, committed 81152K, reserved 1122304K
  class space    used 9524K, committed 9856K, reserved 1048576K
}
Event: 559.944 GC heap after
{Heap after GC invocations=55 (full 0):
 garbage-first heap   total 112640K, used 39873K [0x0000000709600000, 0x0000000800000000)
  region size 2048K, 1 young (2048K), 1 survivors (2048K)
 Metaspace       used 80554K, committed 81152K, reserved 1122304K
  class space    used 9524K, committed 9856K, reserved 1048576K
}
Event: 600.811 GC heap before
{Heap before GC invocations=55 (full 0):
 garbage-first heap   total 112640K, used 97217K [0x0000000709600000, 0x0000000800000000)
  region size 2048K, 29 young (59392K), 1 survivors (2048K)
 Metaspace       used 80569K, committed 81152K, reserved 1122304K
  class space    used 9528K, committed 9856K, reserved 1048576K
}
Event: 600.816 GC heap after
{Heap after GC invocations=56 (full 0):
 garbage-first heap   total 112640K, used 39780K [0x0000000709600000, 0x0000000800000000)
  region size 2048K, 1 young (2048K), 1 survivors (2048K)
 Metaspace       used 80569K, committed 81152K, reserved 1122304K
  class space    used 9528K, committed 9856K, reserved 1048576K
}

