# JRE version: OpenJDK Runtime Environment Temurin-17.0.2+8 (17.0.2+8) (build 17.0.2+8)
# Java VM: OpenJDK 64-Bit Server VM Temurin-17.0.2+8 (17.0.2+8, mixed mode, tiered, compressed oops, compressed class ptrs, g1 gc, windows-amd64)
GC Precious Log:
 CPUs: 4 total, 4 available
 Memory: 15779M
 Large Page Support: Disabled
 NUMA Support: Disabled
 Compressed Oops: Enabled (Zero based)
 Heap Region Size: 2M
 Heap Min Capacity: 8M
 Heap Initial Capacity: 248M
 Heap Max Capacity: 3946M
 Pre-touch: Disabled
 Parallel Workers: 4
 Concurrent Workers: 1
 Concurrent Refinement Workers: 4
 Periodic GC: Disabled
Heap:
 garbage-first heap   total 102400K, used 46901K [0x0000000709600000, 0x0000000800000000)
  region size 2048K, 9 young (18432K), 2 survivors (4096K)
 Metaspace       used 75706K, committed 76160K, reserved 1122304K
  class space    used 8924K, committed 9152K, reserved 1048576K
GC Heap History (20 events):
Event: 15.152 GC heap before
{Heap before GC invocations=19 (full 0):
 garbage-first heap   total 69632K, used 51431K [0x0000000709600000, 0x0000000800000000)
  region size 2048K, 17 young (34816K), 3 survivors (6144K)
 Metaspace       used 50087K, committed 50496K, reserved 1097728K
  class space    used 6025K, committed 6208K, reserved 1048576K
}
Event: 15.159 GC heap after
{Heap after GC invocations=20 (full 0):
 garbage-first heap   total 112640K, used 23649K [0x0000000709600000, 0x0000000800000000)
  region size 2048K, 2 young (4096K), 2 survivors (4096K)
 Metaspace       used 50087K, committed 50496K, reserved 1097728K
  class space    used 6025K, committed 6208K, reserved 1048576K
}
Event: 17.000 GC heap before
{Heap before GC invocations=20 (full 0):
 garbage-first heap   total 112640K, used 85089K [0x0000000709600000, 0x0000000800000000)
  region size 2048K, 32 young (65536K), 2 survivors (4096K)
 Metaspace       used 54591K, committed 54976K, reserved 1097728K
  class space    used 6581K, committed 6784K, reserved 1048576K
}
Event: 17.009 GC heap after
{Heap after GC invocations=21 (full 0):
 garbage-first heap   total 112640K, used 25241K [0x0000000709600000, 0x0000000800000000)
  region size 2048K, 3 young (6144K), 3 survivors (6144K)
 Metaspace       used 54591K, committed 54976K, reserved 1097728K
  class space    used 6581K, committed 6784K, reserved 1048576K
}
Event: 18.407 GC heap before
{Heap before GC invocations=21 (full 0):
 garbage-first heap   total 112640K, used 64153K [0x0000000709600000, 0x0000000800000000)
  region size 2048K, 23 young (47104K), 3 survivors (6144K)
 Metaspace       used 59887K, committed 60288K, reserved 1105920K
  class space    used 7199K, committed 7424K, reserved 1048576K
}
Event: 18.416 GC heap after
{Heap after GC invocations=22 (full 0):
 garbage-first heap   total 112640K, used 27162K [0x0000000709600000, 0x0000000800000000)
  region size 2048K, 3 young (6144K), 3 survivors (6144K)
 Metaspace       used 59887K, committed 60288K, reserved 1105920K
  class space    used 7199K, committed 7424K, reserved 1048576K
}
Event: 20.109 GC heap before
{Heap before GC invocations=23 (full 0):
 garbage-first heap   total 102400K, used 80410K [0x0000000709600000, 0x0000000800000000)
  region size 2048K, 30 young (61440K), 3 survivors (6144K)
 Metaspace       used 62753K, committed 63168K, reserved 1105920K
  class space    used 7597K, committed 7808K, reserved 1048576K
}
Event: 20.122 GC heap after
{Heap after GC invocations=24 (full 0):
 garbage-first heap   total 102400K, used 29230K [0x0000000709600000, 0x0000000800000000)
  region size 2048K, 3 young (6144K), 3 survivors (6144K)
 Metaspace       used 62753K, committed 63168K, reserved 1105920K
  class space    used 7597K, committed 7808K, reserved 1048576K
}
Event: 20.195 GC heap before
{Heap before GC invocations=24 (full 0):
 garbage-first heap   total 102400K, used 31278K [0x0000000709600000, 0x0000000800000000)
  region size 2048K, 4 young (8192K), 3 survivors (6144K)
 Metaspace       used 62853K, committed 63232K, reserved 1105920K
  class space    used 7615K, committed 7808K, reserved 1048576K
}
Event: 20.202 GC heap after
{Heap after GC invocations=25 (full 0):
 garbage-first heap   total 102400K, used 29800K [0x0000000709600000, 0x0000000800000000)
  region size 2048K, 1 young (2048K), 1 survivors (2048K)
 Metaspace       used 62853K, committed 63232K, reserved 1105920K
  class space    used 7615K, committed 7808K, reserved 1048576K
}
Event: 21.567 GC heap before
{Heap before GC invocations=25 (full 0):
 garbage-first heap   total 102400K, used 81000K [0x0000000709600000, 0x0000000800000000)
  region size 2048K, 26 young (53248K), 1 survivors (2048K)
 Metaspace       used 66092K, committed 66496K, reserved 1114112K
  class space    used 8073K, committed 8256K, reserved 1048576K
}
Event: 21.573 GC heap after
{Heap after GC invocations=26 (full 0):
 garbage-first heap   total 102400K, used 31345K [0x0000000709600000, 0x0000000800000000)
  region size 2048K, 2 young (4096K), 2 survivors (4096K)
 Metaspace       used 66092K, committed 66496K, reserved 1114112K
  class space    used 8073K, committed 8256K, reserved 1048576K
}
Event: 22.712 GC heap before
{Heap before GC invocations=26 (full 0):
 garbage-first heap   total 102400K, used 80497K [0x0000000709600000, 0x0000000800000000)
  region size 2048K, 26 young (53248K), 2 survivors (4096K)
 Metaspace       used 69675K, committed 70208K, reserved 1114112K
  class space    used 8432K, committed 8704K, reserved 1048576K
}
Event: 22.722 GC heap after
{Heap after GC invocations=27 (full 0):
 garbage-first heap   total 102400K, used 33268K [0x0000000709600000, 0x0000000800000000)
  region size 2048K, 3 young (6144K), 3 survivors (6144K)
 Metaspace       used 69675K, committed 70208K, reserved 1114112K
  class space    used 8432K, committed 8704K, reserved 1048576K
}
Event: 42.066 GC heap before
{Heap before GC invocations=27 (full 0):
 garbage-first heap   total 102400K, used 80372K [0x0000000709600000, 0x0000000800000000)
  region size 2048K, 26 young (53248K), 3 survivors (6144K)
 Metaspace       used 73227K, committed 73792K, reserved 1114112K
  class space    used 8679K, committed 8960K, reserved 1048576K
}
Event: 42.092 GC heap after
{Heap after GC invocations=28 (full 0):
 garbage-first heap   total 102400K, used 34168K [0x0000000709600000, 0x0000000800000000)
  region size 2048K, 2 young (4096K), 2 survivors (4096K)
 Metaspace       used 73227K, committed 73792K, reserved 1114112K
  class space    used 8679K, committed 8960K, reserved 1048576K
}
Event: 248.304 GC heap before
{Heap before GC invocations=28 (full 0):
 garbage-first heap   total 102400K, used 81272K [0x0000000709600000, 0x0000000800000000)
  region size 2048K, 26 young (53248K), 2 survivors (4096K)
 Metaspace       used 75202K, committed 75776K, reserved 1122304K
  class space    used 8883K, committed 9152K, reserved 1048576K
}
Event: 248.310 GC heap after
{Heap after GC invocations=29 (full 0):
 garbage-first heap   total 102400K, used 34524K [0x0000000709600000, 0x0000000800000000)
  region size 2048K, 2 young (4096K), 2 survivors (4096K)
 Metaspace       used 75202K, committed 75776K, reserved 1122304K
  class space    used 8883K, committed 9152K, reserved 1048576K
}
Event: 725.335 GC heap before
{Heap before GC invocations=29 (full 0):
 garbage-first heap   total 102400K, used 83676K [0x0000000709600000, 0x0000000800000000)
  region size 2048K, 26 young (53248K), 2 survivors (4096K)
 Metaspace       used 75654K, committed 76160K, reserved 1122304K
  class space    used 8921K, committed 9152K, reserved 1048576K
}
Event: 725.354 GC heap after
{Heap after GC invocations=30 (full 0):
 garbage-first heap   total 102400K, used 34613K [0x0000000709600000, 0x0000000800000000)
  region size 2048K, 2 young (4096K), 2 survivors (4096K)
 Metaspace       used 75654K, committed 76160K, reserved 1122304K
  class space    used 8921K, committed 9152K, reserved 1048576K
}

